<?xml version="1.0" encoding="utf-8"?><testsuites name="pytest tests"><testsuite name="pytest" errors="0" failures="0" skipped="0" tests="12" time="16.024" timestamp="2026-06-19T19:09:55.676016+00:00" hostname="agent-env-d55cd96a-a40c-4b3c-aae6-6a3ab1d21837"><testcase classname="backend.tests.test_parkwise_api.TestHotspots" name="test_get_all_hotspots" time="0.160" /><testcase classname="backend.tests.test_parkwise_api.TestHotspots" name="test_hotspot_detail_valid" time="0.046" /><testcase classname="backend.tests.test_parkwise_api.TestHotspots" name="test_hotspot_detail_invalid_404" time="0.043" /><testcase classname="backend.tests.test_parkwise_api.TestMaps" name="test_density_map" time="0.042" /><testcase classname="backend.tests.test_parkwise_api.TestMaps" name="test_impact_map" time="0.046" /><testcase classname="backend.tests.test_parkwise_api.TestAnalytics" name="test_analytics_structure" time="0.045" /><testcase classname="backend.tests.test_parkwise_api.TestRecommendations" name="test_all_recommendations" time="0.057" /><testcase classname="backend.tests.test_parkwise_api.TestRecommendations" name="test_recommendation_detail_valid" time="0.045" /><testcase classname="backend.tests.test_parkwise_api.TestRecommendations" name="test_recommendation_detail_invalid" time="0.044" /><testcase classname="backend.tests.test_parkwise_api.TestExplain" name="test_explain_returns_valid_object" time="5.538" /><testcase classname="backend.tests.test_parkwise_api.TestExplain" name="test_explain_cached_on_second_call" time="9.763" /><testcase classname="backend.tests.test_parkwise_api.TestExplain" name="test_explain_invalid_zone_404" time="0.047" /></testsuite></testsuites>